Mixer status : channels 32 
Sound library loaded
USB USB Keyboard on /dev/input/event3
device /dev/input/event3, name "USB USB Keyboard", phys "usb-3f980000.usb-1.3/input0"
Choix du dossier de son
playing naindows-demarrage01.ogg
playing barbare-camarchepas.ogg
playing naindows-ding.ogg
106 121,73,17,127#True#True
121,73,17,127#True#True
78 121,73,17,127#False#False
121,73,17,127#False#False
Choix die la sequence
playing naindows-demarrage01.ogg
playing naindows-ding.ogg
Mixer status : channels 32 
Sound library loaded
System keys mapped
USB USB Keyboard on /dev/input/event3
device /dev/input/event3, name "USB USB Keyboard", phys "usb-3f980000.usb-1.3/input0"
Sequence attendue : 
['121', '73', '17', '127']
READY
naindows
playing naindows-ding.ogg
Code : 17, value : 1
SHUTDOWN
DOIT STOPPER
